{"/opt/projects/node/tweetapi/src/app.ts": {"path":"/opt/projects/node/tweetapi/src/app.ts","statementMap":{"0":{"start":{"line":1,"column":0},"end":{"line":1,"column":30}},"1":{"start":{"line":2,"column":0},"end":{"line":2,"column":37}},"2":{"start":{"line":4,"column":0},"end":{"line":4,"column":32}},"3":{"start":{"line":6,"column":0},"end":{"line":6,"column":42}},"4":{"start":{"line":7,"column":0},"end":{"line":7,"column":46}},"5":{"start":{"line":9,"column":33},"end":{"line":9,"column":42}},"6":{"start":{"line":11,"column":17},"end":{"line":11,"column":28}},"7":{"start":{"line":13,"column":0},"end":{"line":23,"column":3}},"8":{"start":{"line":20,"column":1},"end":{"line":20,"column":32}},"9":{"start":{"line":22,"column":1},"end":{"line":22,"column":88}},"10":{"start":{"line":26,"column":0},"end":{"line":26,"column":42}},"11":{"start":{"line":27,"column":0},"end":{"line":27,"column":27}},"12":{"start":{"line":28,"column":0},"end":{"line":28,"column":39}},"13":{"start":{"line":29,"column":0},"end":{"line":29,"column":44}},"14":{"start":{"line":30,"column":0},"end":{"line":30,"column":49}},"15":{"start":{"line":31,"column":0},"end":{"line":31,"column":52}},"16":{"start":{"line":32,"column":0},"end":{"line":32,"column":55}},"17":{"start":{"line":34,"column":13},"end":{"line":34,"column":33}},"18":{"start":{"line":35,"column":13},"end":{"line":35,"column":23}}},"fnMap":{"0":{"name":"(anonymous_2)","decl":{"start":{"line":19,"column":6},"end":{"line":19,"column":9}},"loc":{"start":{"line":19,"column":11},"end":{"line":21,"column":1}}},"1":{"name":"(anonymous_3)","decl":{"start":{"line":21,"column":9},"end":{"line":21,"column":12}},"loc":{"start":{"line":21,"column":15},"end":{"line":23,"column":1}}}},"branchMap":{"0":{"loc":{"start":{"line":26,"column":16},"end":{"line":26,"column":32}},"type":"binary-expr","locations":[{"start":{"line":26,"column":16},"end":{"line":26,"column":32}},{"start":{"line":26,"column":36},"end":{"line":26,"column":40}}]}},"s":{"0":2,"1":2,"2":2,"3":2,"4":2,"5":2,"6":2,"7":2,"8":0,"9":1,"10":2,"11":2,"12":2,"13":2,"14":2,"15":2,"16":2,"17":2,"18":2},"f":{"0":0,"1":1},"b":{"0":[2,0]}}
,"/opt/projects/node/tweetapi/src/controllers/api.ts": {"path":"/opt/projects/node/tweetapi/src/controllers/api.ts","statementMap":{"0":{"start":{"line":4,"column":0},"end":{"line":4,"column":40}},"1":{"start":{"line":5,"column":0},"end":{"line":5,"column":34}},"2":{"start":{"line":8,"column":13},"end":{"line":27,"column":2}},"3":{"start":{"line":9,"column":28},"end":{"line":9,"column":54}},"4":{"start":{"line":10,"column":21},"end":{"line":10,"column":81}},"5":{"start":{"line":11,"column":21},"end":{"line":11,"column":68}},"6":{"start":{"line":12,"column":13},"end":{"line":12,"column":65}},"7":{"start":{"line":14,"column":16},"end":{"line":26,"column":20}},"8":{"start":{"line":15,"column":2},"end":{"line":23,"column":null}},"9":{"start":{"line":16,"column":3},"end":{"line":16,"column":56}},"10":{"start":{"line":17,"column":3},"end":{"line":19,"column":6}},"11":{"start":{"line":21,"column":21},"end":{"line":21,"column":98}},"12":{"start":{"line":22,"column":3},"end":{"line":22,"column":22}},"13":{"start":{"line":29,"column":13},"end":{"line":42,"column":2}},"14":{"start":{"line":31,"column":18},"end":{"line":41,"column":5}},"15":{"start":{"line":32,"column":5},"end":{"line":40,"column":null}},"16":{"start":{"line":33,"column":6},"end":{"line":33,"column":64}},"17":{"start":{"line":34,"column":3},"end":{"line":36,"column":6}},"18":{"start":{"line":38,"column":21},"end":{"line":38,"column":95}},"19":{"start":{"line":39,"column":3},"end":{"line":39,"column":22}},"20":{"start":{"line":44,"column":13},"end":{"line":64,"column":2}},"21":{"start":{"line":45,"column":19},"end":{"line":45,"column":25}},"22":{"start":{"line":46,"column":18},"end":{"line":49,"column":6}},"23":{"start":{"line":51,"column":4},"end":{"line":63,"column":6}},"24":{"start":{"line":52,"column":2},"end":{"line":62,"column":null}},"25":{"start":{"line":53,"column":3},"end":{"line":53,"column":60}},"26":{"start":{"line":54,"column":3},"end":{"line":56,"column":6}},"27":{"start":{"line":58,"column":3},"end":{"line":61,"column":6}},"28":{"start":{"line":66,"column":13},"end":{"line":84,"column":2}},"29":{"start":{"line":67,"column":19},"end":{"line":67,"column":33}},"30":{"start":{"line":68,"column":20},"end":{"line":68,"column":28}},"31":{"start":{"line":70,"column":4},"end":{"line":70,"column":38}},"32":{"start":{"line":72,"column":18},"end":{"line":83,"column":6}},"33":{"start":{"line":73,"column":2},"end":{"line":82,"column":null}},"34":{"start":{"line":74,"column":3},"end":{"line":74,"column":60}},"35":{"start":{"line":75,"column":3},"end":{"line":77,"column":6}},"36":{"start":{"line":79,"column":3},"end":{"line":81,"column":6}},"37":{"start":{"line":86,"column":13},"end":{"line":101,"column":2}},"38":{"start":{"line":87,"column":16},"end":{"line":87,"column":30}},"39":{"start":{"line":89,"column":18},"end":{"line":100,"column":5}},"40":{"start":{"line":90,"column":5},"end":{"line":99,"column":null}},"41":{"start":{"line":91,"column":3},"end":{"line":91,"column":64}},"42":{"start":{"line":92,"column":3},"end":{"line":94,"column":6}},"43":{"start":{"line":96,"column":8},"end":{"line":98,"column":6}}},"fnMap":{"0":{"name":"(anonymous_0)","decl":{"start":{"line":8,"column":25},"end":{"line":8,"column":26}},"loc":{"start":{"line":8,"column":57},"end":{"line":27,"column":1}}},"1":{"name":"(anonymous_1)","decl":{"start":{"line":14,"column":100},"end":{"line":14,"column":101}},"loc":{"start":{"line":14,"column":126},"end":{"line":24,"column":4}}},"2":{"name":"(anonymous_2)","decl":{"start":{"line":29,"column":30},"end":{"line":29,"column":31}},"loc":{"start":{"line":29,"column":62},"end":{"line":42,"column":1}}},"3":{"name":"(anonymous_3)","decl":{"start":{"line":31,"column":119},"end":{"line":31,"column":120}},"loc":{"start":{"line":31,"column":144},"end":{"line":41,"column":4}}},"4":{"name":"(anonymous_4)","decl":{"start":{"line":44,"column":29},"end":{"line":44,"column":30}},"loc":{"start":{"line":44,"column":61},"end":{"line":64,"column":1}}},"5":{"name":"(anonymous_5)","decl":{"start":{"line":51,"column":15},"end":{"line":51,"column":16}},"loc":{"start":{"line":51,"column":28},"end":{"line":63,"column":4}}},"6":{"name":"(anonymous_6)","decl":{"start":{"line":66,"column":33},"end":{"line":66,"column":34}},"loc":{"start":{"line":66,"column":65},"end":{"line":84,"column":1}}},"7":{"name":"(anonymous_7)","decl":{"start":{"line":72,"column":66},"end":{"line":72,"column":67}},"loc":{"start":{"line":72,"column":91},"end":{"line":83,"column":5}}},"8":{"name":"(anonymous_8)","decl":{"start":{"line":86,"column":33},"end":{"line":86,"column":34}},"loc":{"start":{"line":86,"column":65},"end":{"line":101,"column":1}}},"9":{"name":"(anonymous_9)","decl":{"start":{"line":89,"column":48},"end":{"line":89,"column":49}},"loc":{"start":{"line":89,"column":61},"end":{"line":100,"column":4}}}},"branchMap":{"0":{"loc":{"start":{"line":9,"column":28},"end":{"line":9,"column":48}},"type":"binary-expr","locations":[{"start":{"line":9,"column":28},"end":{"line":9,"column":48}},{"start":{"line":9,"column":52},"end":{"line":9,"column":54}}]},"1":{"loc":{"start":{"line":10,"column":44},"end":{"line":10,"column":75}},"type":"cond-expr","locations":[{"start":{"line":10,"column":44},"end":{"line":10,"column":75}},{"start":{"line":10,"column":80},"end":{"line":10,"column":81}}]},"2":{"loc":{"start":{"line":10,"column":44},"end":{"line":10,"column":69}},"type":"binary-expr","locations":[{"start":{"line":10,"column":44},"end":{"line":10,"column":69}},{"start":{"line":10,"column":73},"end":{"line":10,"column":75}}]},"3":{"loc":{"start":{"line":11,"column":44},"end":{"line":11,"column":63}},"type":"cond-expr","locations":[{"start":{"line":11,"column":44},"end":{"line":11,"column":63}},{"start":{"line":11,"column":67},"end":{"line":11,"column":68}}]},"4":{"loc":{"start":{"line":11,"column":44},"end":{"line":11,"column":58}},"type":"binary-expr","locations":[{"start":{"line":11,"column":44},"end":{"line":11,"column":58}},{"start":{"line":11,"column":62},"end":{"line":11,"column":63}}]},"5":{"loc":{"start":{"line":12,"column":35},"end":{"line":12,"column":37}},"type":"cond-expr","locations":[{"start":{"line":12,"column":35},"end":{"line":12,"column":37}},{"start":{"line":12,"column":40},"end":{"line":12,"column":65}}]},"6":{"loc":{"start":{"line":15,"column":2},"end":{"line":23,"column":null}},"type":"if","locations":[{"start":{"line":15,"column":2},"end":{"line":23,"column":null}},{"start":{"line":15,"column":2},"end":{"line":23,"column":null}}]},"7":{"loc":{"start":{"line":21,"column":64},"end":{"line":21,"column":70}},"type":"cond-expr","locations":[{"start":{"line":21,"column":64},"end":{"line":21,"column":70}},{"start":{"line":21,"column":73},"end":{"line":21,"column":98}}]},"8":{"loc":{"start":{"line":21,"column":22},"end":{"line":21,"column":43}},"type":"binary-expr","locations":[{"start":{"line":21,"column":22},"end":{"line":21,"column":43}},{"start":{"line":21,"column":47},"end":{"line":21,"column":60}}]},"9":{"loc":{"start":{"line":32,"column":5},"end":{"line":40,"column":null}},"type":"if","locations":[{"start":{"line":32,"column":5},"end":{"line":40,"column":null}},{"start":{"line":32,"column":5},"end":{"line":40,"column":null}}]},"10":{"loc":{"start":{"line":38,"column":62},"end":{"line":38,"column":67}},"type":"cond-expr","locations":[{"start":{"line":38,"column":62},"end":{"line":38,"column":67}},{"start":{"line":38,"column":70},"end":{"line":38,"column":95}}]},"11":{"loc":{"start":{"line":38,"column":22},"end":{"line":38,"column":42}},"type":"binary-expr","locations":[{"start":{"line":38,"column":22},"end":{"line":38,"column":42}},{"start":{"line":38,"column":46},"end":{"line":38,"column":58}}]},"12":{"loc":{"start":{"line":52,"column":2},"end":{"line":62,"column":null}},"type":"if","locations":[{"start":{"line":52,"column":2},"end":{"line":62,"column":null}},{"start":{"line":52,"column":2},"end":{"line":62,"column":null}}]},"13":{"loc":{"start":{"line":73,"column":2},"end":{"line":82,"column":null}},"type":"if","locations":[{"start":{"line":73,"column":2},"end":{"line":82,"column":null}},{"start":{"line":73,"column":2},"end":{"line":82,"column":null}}]},"14":{"loc":{"start":{"line":90,"column":5},"end":{"line":99,"column":null}},"type":"if","locations":[{"start":{"line":90,"column":5},"end":{"line":99,"column":null}},{"start":{"line":90,"column":5},"end":{"line":99,"column":null}}]}},"s":{"0":2,"1":2,"2":2,"3":3,"4":3,"5":3,"6":3,"7":3,"8":0,"9":0,"10":0,"11":0,"12":0,"13":2,"14":1,"15":0,"16":0,"17":0,"18":0,"19":0,"20":2,"21":1,"22":1,"23":1,"24":0,"25":0,"26":0,"27":0,"28":2,"29":1,"30":1,"31":1,"32":1,"33":0,"34":0,"35":0,"36":0,"37":2,"38":1,"39":1,"40":0,"41":0,"42":0,"43":0},"f":{"0":3,"1":0,"2":1,"3":0,"4":1,"5":0,"6":1,"7":0,"8":1,"9":0},"b":{"0":[3,2],"1":[2,1],"2":[2,1],"3":[2,1],"4":[2,1],"5":[2,1],"6":[0,0],"7":[0,0],"8":[0,0],"9":[0,0],"10":[0,0],"11":[0,0],"12":[0,0],"13":[0,0],"14":[0,0]}}
,"/opt/projects/node/tweetapi/src/models/Tweet.ts": {"path":"/opt/projects/node/tweetapi/src/models/Tweet.ts","statementMap":{"0":{"start":{"line":1,"column":0},"end":{"line":1,"column":32}},"1":{"start":{"line":3,"column":20},"end":{"line":20,"column":2}},"2":{"start":{"line":22,"column":13},"end":{"line":22,"column":70}}},"fnMap":{},"branchMap":{},"s":{"0":2,"1":2,"2":2},"f":{},"b":{}}
,"/opt/projects/node/tweetapi/src/utils/secrets.ts": {"path":"/opt/projects/node/tweetapi/src/utils/secrets.ts","statementMap":{"0":{"start":{"line":1,"column":0},"end":{"line":1,"column":28}},"1":{"start":{"line":3,"column":0},"end":{"line":3,"column":32}},"2":{"start":{"line":5,"column":13},"end":{"line":5,"column":60}}},"fnMap":{},"branchMap":{},"s":{"0":2,"1":2,"2":2},"f":{},"b":{}}
}
