TN:
SF:/opt/projects/node/tweetapi/src/app.ts
FN:19,(anonymous_2)
FN:21,(anonymous_3)
FNF:2
FNH:1
FNDA:0,(anonymous_2)
FNDA:1,(anonymous_3)
DA:1,2
DA:2,2
DA:4,2
DA:6,2
DA:7,2
DA:9,2
DA:11,2
DA:13,2
DA:20,0
DA:22,1
DA:26,2
DA:27,2
DA:28,2
DA:29,2
DA:30,2
DA:31,2
DA:32,2
DA:34,2
DA:35,2
LF:19
LH:18
BRDA:26,0,0,2
BRDA:26,0,1,0
BRF:2
BRH:1
end_of_record
TN:
SF:/opt/projects/node/tweetapi/src/controllers/api.ts
FN:8,(anonymous_0)
FN:14,(anonymous_1)
FN:29,(anonymous_2)
FN:31,(anonymous_3)
FN:44,(anonymous_4)
FN:51,(anonymous_5)
FN:66,(anonymous_6)
FN:72,(anonymous_7)
FN:86,(anonymous_8)
FN:89,(anonymous_9)
FNF:10
FNH:5
FNDA:3,(anonymous_0)
FNDA:0,(anonymous_1)
FNDA:1,(anonymous_2)
FNDA:0,(anonymous_3)
FNDA:1,(anonymous_4)
FNDA:0,(anonymous_5)
FNDA:1,(anonymous_6)
FNDA:0,(anonymous_7)
FNDA:1,(anonymous_8)
FNDA:0,(anonymous_9)
DA:4,2
DA:5,2
DA:8,2
DA:9,3
DA:10,3
DA:11,3
DA:12,3
DA:14,3
DA:15,0
DA:16,0
DA:17,0
DA:21,0
DA:22,0
DA:29,2
DA:31,1
DA:32,0
DA:33,0
DA:34,0
DA:38,0
DA:39,0
DA:44,2
DA:45,1
DA:46,1
DA:51,1
DA:52,0
DA:53,0
DA:54,0
DA:58,0
DA:66,2
DA:67,1
DA:68,1
DA:70,1
DA:72,1
DA:73,0
DA:74,0
DA:75,0
DA:79,0
DA:86,2
DA:87,1
DA:89,1
DA:90,0
DA:91,0
DA:92,0
DA:96,0
LF:44
LH:22
BRDA:9,0,0,3
BRDA:9,0,1,2
BRDA:10,1,0,2
BRDA:10,1,1,1
BRDA:10,2,0,2
BRDA:10,2,1,1
BRDA:11,3,0,2
BRDA:11,3,1,1
BRDA:11,4,0,2
BRDA:11,4,1,1
BRDA:12,5,0,2
BRDA:12,5,1,1
BRDA:15,6,0,0
BRDA:15,6,1,0
BRDA:21,7,0,0
BRDA:21,7,1,0
BRDA:21,8,0,0
BRDA:21,8,1,0
BRDA:32,9,0,0
BRDA:32,9,1,0
BRDA:38,10,0,0
BRDA:38,10,1,0
BRDA:38,11,0,0
BRDA:38,11,1,0
BRDA:52,12,0,0
BRDA:52,12,1,0
BRDA:73,13,0,0
BRDA:73,13,1,0
BRDA:90,14,0,0
BRDA:90,14,1,0
BRF:30
BRH:12
end_of_record
TN:
SF:/opt/projects/node/tweetapi/src/models/Tweet.ts
FNF:0
FNH:0
DA:1,2
DA:3,2
DA:22,2
LF:3
LH:3
BRF:0
BRH:0
end_of_record
TN:
SF:/opt/projects/node/tweetapi/src/utils/secrets.ts
FNF:0
FNH:0
DA:1,2
DA:3,2
DA:5,2
LF:3
LH:3
BRF:0
BRH:0
end_of_record
